{"C:\\Users\\USER\\Desktop\\JobGenie Apps\\job-app-backend\\models\\Application.js": {"path":"C:\\Users\\USER\\Desktop\\JobGenie Apps\\job-app-backend\\models\\Application.js","statementMap":{"0":{"start":{"line":1,"column":17},"end":{"line":1,"column":36}},"1":{"start":{"line":3,"column":26},"end":{"line":34,"column":2}},"2":{"start":{"line":36,"column":0},"end":{"line":36,"column":66}}},"fnMap":{},"branchMap":{},"s":{"0":1,"1":1,"2":1},"f":{},"b":{},"_coverageSchema":"1a1c01bbd47fc00a2c39e90264f33305004495a9","hash":"e63f5de3fd05fd5feb332e1ae042e10325ab4a8c"}
,"C:\\Users\\USER\\Desktop\\JobGenie Apps\\job-app-backend\\models\\Job.js": {"path":"C:\\Users\\USER\\Desktop\\JobGenie Apps\\job-app-backend\\models\\Job.js","statementMap":{"0":{"start":{"line":1,"column":17},"end":{"line":1,"column":36}},"1":{"start":{"line":3,"column":18},"end":{"line":10,"column":24}},"2":{"start":{"line":12,"column":0},"end":{"line":12,"column":50}}},"fnMap":{},"branchMap":{},"s":{"0":1,"1":1,"2":1},"f":{},"b":{},"_coverageSchema":"1a1c01bbd47fc00a2c39e90264f33305004495a9","hash":"fb7abf31780c7851745dcd50b9cf77047a3f15b2"}
,"C:\\Users\\USER\\Desktop\\JobGenie Apps\\job-app-backend\\models\\User.js": {"path":"C:\\Users\\USER\\Desktop\\JobGenie Apps\\job-app-backend\\models\\User.js","statementMap":{"0":{"start":{"line":1,"column":17},"end":{"line":1,"column":36}},"1":{"start":{"line":2,"column":15},"end":{"line":2,"column":32}},"2":{"start":{"line":4,"column":19},"end":{"line":82,"column":24}},"3":{"start":{"line":30,"column":18},"end":{"line":30,"column":33}},"4":{"start":{"line":48,"column":16},"end":{"line":48,"column":113}},"5":{"start":{"line":85,"column":0},"end":{"line":100,"column":3}},"6":{"start":{"line":87,"column":4},"end":{"line":89,"column":5}},"7":{"start":{"line":88,"column":8},"end":{"line":88,"column":48}},"8":{"start":{"line":90,"column":4},"end":{"line":98,"column":5}},"9":{"start":{"line":92,"column":29},"end":{"line":95,"column":25}},"10":{"start":{"line":96,"column":29},"end":{"line":96,"column":66}},"11":{"start":{"line":97,"column":8},"end":{"line":97,"column":57}},"12":{"start":{"line":99,"column":4},"end":{"line":99,"column":11}},"13":{"start":{"line":102,"column":0},"end":{"line":102,"column":52}}},"fnMap":{"0":{"name":"(anonymous_0)","decl":{"start":{"line":30,"column":13},"end":{"line":30,"column":14}},"loc":{"start":{"line":30,"column":18},"end":{"line":30,"column":33}},"line":30},"1":{"name":"(anonymous_1)","decl":{"start":{"line":47,"column":21},"end":{"line":47,"column":22}},"loc":{"start":{"line":47,"column":32},"end":{"line":49,"column":13}},"line":47},"2":{"name":"(anonymous_2)","decl":{"start":{"line":85,"column":23},"end":{"line":85,"column":24}},"loc":{"start":{"line":85,"column":44},"end":{"line":100,"column":1}},"line":85}},"branchMap":{"0":{"loc":{"start":{"line":48,"column":87},"end":{"line":48,"column":110}},"type":"binary-expr","locations":[{"start":{"line":48,"column":87},"end":{"line":48,"column":100}},{"start":{"line":48,"column":104},"end":{"line":48,"column":110}}],"line":48},"1":{"loc":{"start":{"line":87,"column":4},"end":{"line":89,"column":5}},"type":"if","locations":[{"start":{"line":87,"column":4},"end":{"line":89,"column":5}},{"start":{},"end":{}}],"line":87},"2":{"loc":{"start":{"line":90,"column":4},"end":{"line":98,"column":5}},"type":"if","locations":[{"start":{"line":90,"column":4},"end":{"line":98,"column":5}},{"start":{},"end":{}}],"line":90}},"s":{"0":1,"1":1,"2":1,"3":4,"4":2,"5":1,"6":2,"7":2,"8":2,"9":2,"10":2,"11":2,"12":2,"13":1},"f":{"0":4,"1":2,"2":2},"b":{"0":[2,0],"1":[2,0],"2":[2,0]},"_coverageSchema":"1a1c01bbd47fc00a2c39e90264f33305004495a9","hash":"50bb1ef440b06bf8141419a85bb08b8c94b0aad8"}
,"C:\\Users\\USER\\Desktop\\JobGenie Apps\\job-app-backend\\services\\applicationService.js": {"path":"C:\\Users\\USER\\Desktop\\JobGenie Apps\\job-app-backend\\services\\applicationService.js","statementMap":{"0":{"start":{"line":1,"column":20},"end":{"line":1,"column":52}},"1":{"start":{"line":2,"column":13},"end":{"line":2,"column":38}},"2":{"start":{"line":3,"column":12},"end":{"line":3,"column":36}},"3":{"start":{"line":7,"column":8},"end":{"line":48,"column":9}},"4":{"start":{"line":9,"column":25},"end":{"line":9,"column":52}},"5":{"start":{"line":10,"column":12},"end":{"line":12,"column":13}},"6":{"start":{"line":11,"column":16},"end":{"line":11,"column":50}},"7":{"start":{"line":15,"column":24},"end":{"line":15,"column":49}},"8":{"start":{"line":16,"column":12},"end":{"line":18,"column":13}},"9":{"start":{"line":17,"column":16},"end":{"line":17,"column":49}},"10":{"start":{"line":21,"column":32},"end":{"line":27,"column":14}},"11":{"start":{"line":30,"column":12},"end":{"line":34,"column":13}},"12":{"start":{"line":31,"column":16},"end":{"line":33,"column":19}},"13":{"start":{"line":37,"column":12},"end":{"line":37,"column":37}},"14":{"start":{"line":39,"column":12},"end":{"line":45,"column":14}},"15":{"start":{"line":47,"column":12},"end":{"line":47,"column":78}},"16":{"start":{"line":52,"column":8},"end":{"line":54,"column":45}},"17":{"start":{"line":58,"column":0},"end":{"line":58,"column":42}}},"fnMap":{"0":{"name":"(anonymous_0)","decl":{"start":{"line":6,"column":4},"end":{"line":6,"column":5}},"loc":{"start":{"line":6,"column":56},"end":{"line":49,"column":5}},"line":6},"1":{"name":"(anonymous_1)","decl":{"start":{"line":51,"column":4},"end":{"line":51,"column":5}},"loc":{"start":{"line":51,"column":46},"end":{"line":55,"column":5}},"line":51}},"branchMap":{"0":{"loc":{"start":{"line":10,"column":12},"end":{"line":12,"column":13}},"type":"if","locations":[{"start":{"line":10,"column":12},"end":{"line":12,"column":13}},{"start":{},"end":{}}],"line":10},"1":{"loc":{"start":{"line":16,"column":12},"end":{"line":18,"column":13}},"type":"if","locations":[{"start":{"line":16,"column":12},"end":{"line":18,"column":13}},{"start":{},"end":{}}],"line":16},"2":{"loc":{"start":{"line":26,"column":33},"end":{"line":26,"column":60}},"type":"binary-expr","locations":[{"start":{"line":26,"column":33},"end":{"line":26,"column":52}},{"start":{"line":26,"column":56},"end":{"line":26,"column":60}}],"line":26},"3":{"loc":{"start":{"line":30,"column":12},"end":{"line":34,"column":13}},"type":"if","locations":[{"start":{"line":30,"column":12},"end":{"line":34,"column":13}},{"start":{},"end":{}}],"line":30},"4":{"loc":{"start":{"line":42,"column":25},"end":{"line":44,"column":61}},"type":"cond-expr","locations":[{"start":{"line":43,"column":20},"end":{"line":43,"column":56}},{"start":{"line":44,"column":20},"end":{"line":44,"column":61}}],"line":42}},"s":{"0":1,"1":1,"2":1,"3":1,"4":1,"5":1,"6":0,"7":1,"8":1,"9":0,"10":1,"11":1,"12":0,"13":1,"14":1,"15":0,"16":1,"17":1},"f":{"0":1,"1":1},"b":{"0":[0,1],"1":[0,1],"2":[1,0],"3":[0,1],"4":[0,1]},"_coverageSchema":"1a1c01bbd47fc00a2c39e90264f33305004495a9","hash":"004294058e9543d763e7e5cc3ea694167d3ee56a"}
}
