TN:
SF:models\Application.js
FNF:0
FNH:0
DA:1,1
DA:3,1
DA:36,1
LF:3
LH:3
BRF:0
BRH:0
end_of_record
TN:
SF:models\Job.js
FNF:0
FNH:0
DA:1,1
DA:3,1
DA:12,1
LF:3
LH:3
BRF:0
BRH:0
end_of_record
TN:
SF:models\User.js
FN:30,(anonymous_0)
FN:47,(anonymous_1)
FN:85,(anonymous_2)
FNF:3
FNH:3
FNDA:4,(anonymous_0)
FNDA:2,(anonymous_1)
FNDA:2,(anonymous_2)
DA:1,1
DA:2,1
DA:4,1
DA:30,4
DA:48,2
DA:85,1
DA:87,2
DA:88,2
DA:90,2
DA:92,2
DA:96,2
DA:97,2
DA:99,2
DA:102,1
LF:14
LH:14
BRDA:48,0,0,2
BRDA:48,0,1,0
BRDA:87,1,0,2
BRDA:87,1,1,0
BRDA:90,2,0,2
BRDA:90,2,1,0
BRF:6
BRH:3
end_of_record
TN:
SF:services\applicationService.js
FN:6,(anonymous_0)
FN:51,(anonymous_1)
FNF:2
FNH:2
FNDA:1,(anonymous_0)
FNDA:1,(anonymous_1)
DA:1,1
DA:2,1
DA:3,1
DA:7,1
DA:9,1
DA:10,1
DA:11,0
DA:15,1
DA:16,1
DA:17,0
DA:21,1
DA:30,1
DA:31,0
DA:37,1
DA:39,1
DA:47,0
DA:52,1
DA:58,1
LF:18
LH:14
BRDA:10,0,0,0
BRDA:10,0,1,1
BRDA:16,1,0,0
BRDA:16,1,1,1
BRDA:26,2,0,1
BRDA:26,2,1,0
BRDA:30,3,0,0
BRDA:30,3,1,1
BRDA:42,4,0,0
BRDA:42,4,1,1
BRF:10
BRH:5
end_of_record
